[debug] [2023-09-18T04:13:08.590Z] ----------------------------------------------------------------------
[debug] [2023-09-18T04:13:08.593Z] Command:       C:\Program Files\nodejs\node.exe C:\Users\pipe1\AppData\Roaming\npm\node_modules\firebase-tools\lib\bin\firebase.js deploy
[debug] [2023-09-18T04:13:08.593Z] CLI Version:   12.4.7
[debug] [2023-09-18T04:13:08.593Z] Platform:      win32
[debug] [2023-09-18T04:13:08.594Z] Node Version:  v16.14.0
[debug] [2023-09-18T04:13:08.595Z] Time:          Sun Sep 17 2023 23:13:08 GMT-0500 (hora estándar de Colombia)
[debug] [2023-09-18T04:13:08.595Z] ----------------------------------------------------------------------
[debug] 
[debug] [2023-09-18T04:13:08.678Z] > command requires scopes: ["email","openid","https://www.googleapis.com/auth/cloudplatformprojects.readonly","https://www.googleapis.com/auth/firebase","https://www.googleapis.com/auth/cloud-platform"]
[debug] [2023-09-18T04:13:08.678Z] > authorizing via signed-in user (afco1995@gmail.com)
[debug] [2023-09-18T04:13:08.678Z] [iam] checking project jupi-e46aa for permissions ["cloudfunctions.functions.create","cloudfunctions.functions.delete","cloudfunctions.functions.get","cloudfunctions.functions.list","cloudfunctions.functions.update","cloudfunctions.operations.get","datastore.indexes.create","datastore.indexes.delete","datastore.indexes.list","datastore.indexes.update","firebase.projects.get","firebaserules.releases.create","firebaserules.releases.update","firebaserules.rulesets.create"]
[debug] [2023-09-18T04:13:08.681Z] >>> [apiv2][query] POST https://cloudresourcemanager.googleapis.com/v1/projects/jupi-e46aa:testIamPermissions [none]
[debug] [2023-09-18T04:13:08.681Z] >>> [apiv2][(partial)header] POST https://cloudresourcemanager.googleapis.com/v1/projects/jupi-e46aa:testIamPermissions x-goog-quota-user=projects/jupi-e46aa
[debug] [2023-09-18T04:13:08.681Z] >>> [apiv2][body] POST https://cloudresourcemanager.googleapis.com/v1/projects/jupi-e46aa:testIamPermissions {"permissions":["cloudfunctions.functions.create","cloudfunctions.functions.delete","cloudfunctions.functions.get","cloudfunctions.functions.list","cloudfunctions.functions.update","cloudfunctions.operations.get","datastore.indexes.create","datastore.indexes.delete","datastore.indexes.list","datastore.indexes.update","firebase.projects.get","firebaserules.releases.create","firebaserules.releases.update","firebaserules.rulesets.create"]}
[debug] [2023-09-18T04:13:09.048Z] <<< [apiv2][status] POST https://cloudresourcemanager.googleapis.com/v1/projects/jupi-e46aa:testIamPermissions 200
[debug] [2023-09-18T04:13:09.049Z] <<< [apiv2][body] POST https://cloudresourcemanager.googleapis.com/v1/projects/jupi-e46aa:testIamPermissions {"permissions":["cloudfunctions.functions.create","cloudfunctions.functions.delete","cloudfunctions.functions.get","cloudfunctions.functions.list","cloudfunctions.functions.update","cloudfunctions.operations.get","datastore.indexes.create","datastore.indexes.delete","datastore.indexes.list","datastore.indexes.update","firebase.projects.get","firebaserules.releases.create","firebaserules.releases.update","firebaserules.rulesets.create"]}
[debug] [2023-09-18T04:13:09.049Z] >>> [apiv2][query] POST https://iam.googleapis.com/v1/projects/jupi-e46aa/serviceAccounts/jupi-e46aa@appspot.gserviceaccount.com:testIamPermissions [none]
[debug] [2023-09-18T04:13:09.049Z] >>> [apiv2][body] POST https://iam.googleapis.com/v1/projects/jupi-e46aa/serviceAccounts/jupi-e46aa@appspot.gserviceaccount.com:testIamPermissions {"permissions":["iam.serviceAccounts.actAs"]}
[debug] [2023-09-18T04:13:09.672Z] <<< [apiv2][status] POST https://iam.googleapis.com/v1/projects/jupi-e46aa/serviceAccounts/jupi-e46aa@appspot.gserviceaccount.com:testIamPermissions 200
[debug] [2023-09-18T04:13:09.673Z] <<< [apiv2][body] POST https://iam.googleapis.com/v1/projects/jupi-e46aa/serviceAccounts/jupi-e46aa@appspot.gserviceaccount.com:testIamPermissions {"permissions":["iam.serviceAccounts.actAs"]}
[info] 
[info] === Deploying to 'jupi-e46aa'...
[info] 
[info] i  deploying storage, firestore, functions 
[info] Running command: npm --prefix "$RESOURCE_DIR" run lint
